<?xml version="1.0" encoding="UTF-8" ?>
<testsuite errors="0" failures="0" hostname="vm05.students.learn.co" name="com.flatironschool.javacs.MyTreeMapTest" skipped="0" tests="11" time="0.096" timestamp="2016-06-14T17:42:06">
  <properties>
    <property name="java.vendor" value="Oracle Corporation" />
    <property name="sun.java.launcher" value="SUN_STANDARD" />
    <property name="sun.management.compiler" value="HotSpot 64-Bit Tiered Compilers" />
    <property name="env._system_arch" value="x86_64" />
    <property name="env.GEM_HOME" value="/usr/local/rvm/gems/ruby-2.2.3" />
    <property name="os.name" value="Linux" />
    <property name="sun.boot.class.path" value="/usr/lib/jvm/java-7-openjdk-amd64/jre/lib/resources.jar:/usr/lib/jvm/java-7-openjdk-amd64/jre/lib/rt.jar:/usr/lib/jvm/java-7-openjdk-amd64/jre/lib/sunrsasign.jar:/usr/lib/jvm/java-7-openjdk-amd64/jre/lib/jsse.jar:/usr/lib/jvm/java-7-openjdk-amd64/jre/lib/jce.jar:/usr/lib/jvm/java-7-openjdk-amd64/jre/lib/charsets.jar:/usr/lib/jvm/java-7-openjdk-amd64/jre/lib/rhino.jar:/usr/lib/jvm/java-7-openjdk-amd64/jre/lib/jfr.jar:/usr/lib/jvm/java-7-openjdk-amd64/jre/classes" />
    <property name="env.PWD" value="/home/renguyen/code/labs/cs-maps-tree-map-lab-codeU" />
    <property name="env.LANG" value="en_US.UTF-8" />
    <property name="java.vm.specification.vendor" value="Oracle Corporation" />
    <property name="ant.home" value="/usr/share/ant" />
    <property name="java.runtime.version" value="1.7.0_101-b00" />
    <property name="env.MY_RUBY_HOME" value="/usr/local/rvm/rubies/ruby-2.2.3" />
    <property name="env.rvm_version" value="1.27.0 (latest)" />
    <property name="user.name" value="renguyen" />
    <property name="env._" value="/usr/local/rvm/gems/ruby-2.2.3/bin/learn" />
    <property name="env.USER" value="renguyen" />
    <property name="env.SHELL" value="/bin/bash" />
    <property name="env.NODE_PATH" value="/usr/lib/nodejs:/usr/lib/node_modules:/usr/share/javascript" />
    <property name="env._system_type" value="Linux" />
    <property name="env.PATH" value="/var/opt/rails/bin:/var/opt/httpserver/bin:/var/opt/atom/bin:/var/opt/shotgun/bin:/var/opt/rackup/bin:/var/opt/jekyll/bin:/var/opt/rails/bin:/var/opt/httpserver/bin:/var/opt/atom/bin:/var/opt/shotgun/bin:/var/opt/rackup/bin:/var/opt/jekyll/bin:/usr/local/rvm/gems/ruby-2.2.3/bin:/usr/local/rvm/gems/ruby-2.2.3@global/bin:/usr/local/rvm/rubies/ruby-2.2.3/bin:/usr/local/bin:/usr/bin:/bin:/usr/local/games:/usr/games:/usr/local/rvm/bin" />
    <property name="user.language" value="en" />
    <property name="env.rvm_prefix" value="/usr/local" />
    <property name="sun.boot.library.path" value="/usr/lib/jvm/java-7-openjdk-amd64/jre/lib/amd64" />
    <property name="ant.project.default-target" value="build" />
    <property name="ant.project.name" value="JavaCS" />
    <property name="env.rvm_path" value="/usr/local/rvm" />
    <property name="env.RUBY_VERSION" value="ruby-2.2.3" />
    <property name="java.version" value="1.7.0_101" />
    <property name="user.timezone" value="" />
    <property name="sun.arch.data.model" value="64" />
    <property name="env._system_name" value="Ubuntu" />
    <property name="java.endorsed.dirs" value="/usr/lib/jvm/java-7-openjdk-amd64/jre/lib/endorsed" />
    <property name="sun.cpu.isalist" value="" />
    <property name="sun.jnu.encoding" value="UTF-8" />
    <property name="env.rvm_bin_path" value="/usr/local/rvm/bin" />
    <property name="file.encoding.pkg" value="sun.io" />
    <property name="env.SHLVL" value="2" />
    <property name="file.separator" value="/" />
    <property name="env._system_version" value="14.04" />
    <property name="java.specification.name" value="Java Platform API Specification" />
    <property name="java.class.version" value="51.0" />
    <property name="user.country" value="US" />
    <property name="ant.file.JavaCS" value="/home/renguyen/code/labs/cs-maps-tree-map-lab-codeU/javacs-lab09/build.xml" />
    <property name="java.home" value="/usr/lib/jvm/java-7-openjdk-amd64/jre" />
    <property name="java.vm.info" value="mixed mode" />
    <property name="env.LOGNAME" value="renguyen" />
    <property name="ant.file" value="/home/renguyen/code/labs/cs-maps-tree-map-lab-codeU/javacs-lab09/build.xml" />
    <property name="os.version" value="3.13.0-85-generic" />
    <property name="path.separator" value=":" />
    <property name="env._ORIGINAL_GEM_PATH" value="/usr/local/rvm/gems/ruby-2.2.3:/usr/local/rvm/gems/ruby-2.2.3@global" />
    <property name="java.vm.version" value="24.95-b01" />
    <property name="ant.library.dir" value="/usr/share/ant/lib" />
    <property name="junit.output.dir" value="junit" />
    <property name="env.IRBRC" value="/usr/local/rvm/rubies/ruby-2.2.3/.irbrc" />
    <property name="java.awt.printerjob" value="sun.print.PSPrinterJob" />
    <property name="env.TERM" value="xterm-256color" />
    <property name="sun.io.unicode.encoding" value="UnicodeLittle" />
    <property name="awt.toolkit" value="sun.awt.X11.XToolkit" />
    <property name="env.GEM_PATH" value="/usr/local/rvm/gems/ruby-2.2.3:/usr/local/rvm/gems/ruby-2.2.3@global" />
    <property name="user.home" value="/home/renguyen" />
    <property name="target" value="1.7" />
    <property name="java.specification.vendor" value="Oracle Corporation" />
    <property name="java.library.path" value="/usr/java/packages/lib/amd64:/usr/lib/x86_64-linux-gnu/jni:/lib/x86_64-linux-gnu:/usr/lib/x86_64-linux-gnu:/usr/lib/jni:/lib:/usr/lib" />
    <property name="java.vendor.url" value="http://java.oracle.com/" />
    <property name="java.vm.vendor" value="Oracle Corporation" />
    <property name="java.runtime.name" value="OpenJDK Runtime Environment" />
    <property name="sun.java.command" value="org.apache.tools.ant.taskdefs.optional.junit.JUnitTestRunner com.flatironschool.javacs.MyTreeMapTest skipNonTests=false filtertrace=true haltOnError=false haltOnFailure=false formatter=org.apache.tools.ant.taskdefs.optional.junit.OutErrSummaryJUnitResultFormatter showoutput=false outputtoformatters=true logfailedtests=true logtestlistenerevents=false formatter=org.apache.tools.ant.taskdefs.optional.junit.XMLJUnitResultFormatter,/home/renguyen/code/labs/cs-maps-tree-map-lab-codeU/javacs-lab09/junit/TEST-com.flatironschool.javacs.MyTreeMapTest.xml formatter=org.apache.tools.ant.taskdefs.optional.junit.PlainJUnitResultFormatter crashfile=/home/renguyen/code/labs/cs-maps-tree-map-lab-codeU/javacs-lab09/junitvmwatcher3274496246465946927.properties propsfile=/home/renguyen/code/labs/cs-maps-tree-map-lab-codeU/javacs-lab09/junit3735737873048781831.properties" />
    <property name="java.class.path" value="/home/renguyen/code/labs/cs-maps-tree-map-lab-codeU/javacs-lab09/bin:/home/renguyen/code/labs/cs-maps-tree-map-lab-codeU/javacs-lab09/lib/junit-4.12.jar:/home/renguyen/code/labs/cs-maps-tree-map-lab-codeU/javacs-lab09/lib/hamcrest-core-1.3.jar:/home/renguyen/code/labs/cs-maps-tree-map-lab-codeU/javacs-lab09/lib/hamcrest-library-1.3.jar:/usr/share/java/ant-launcher-1.9.3.jar:/usr/share/ant/lib/ant.jar:/usr/share/ant/lib/ant-junit.jar:/usr/share/ant/lib/ant-junit4.jar" />
    <property name="ant.version" value="Apache Ant(TM) version 1.9.3 compiled on April 8 2014" />
    <property name="env.XDG_SESSION_ID" value="c1633" />
    <property name="ant.file.type.JavaCS" value="file" />
    <property name="java.vm.specification.name" value="Java Virtual Machine Specification" />
    <property name="ant.file.type" value="file" />
    <property name="java.vm.specification.version" value="1.7" />
    <property name="sun.os.patch.level" value="unknown" />
    <property name="sun.cpu.endian" value="little" />
    <property name="env.HOME" value="/home/renguyen" />
    <property name="debuglevel" value="source,lines,vars" />
    <property name="java.io.tmpdir" value="/tmp" />
    <property name="java.vendor.url.bug" value="http://bugreport.sun.com/bugreport/" />
    <property name="java.awt.graphicsenv" value="sun.awt.X11GraphicsEnvironment" />
    <property name="os.arch" value="amd64" />
    <property name="env.PS4" value="+ " />
    <property name="env.XDG_RUNTIME_DIR" value="/run/user/7327" />
    <property name="java.ext.dirs" value="/usr/lib/jvm/java-7-openjdk-amd64/jre/lib/ext:/usr/java/packages/lib/ext" />
    <property name="user.dir" value="/home/renguyen/code/labs/cs-maps-tree-map-lab-codeU" />
    <property name="env.rvm_gem_options" value="--no-ri --no-rdoc" />
    <property name="env.PS2" value="&gt; " />
    <property name="env.PS1" value="\[\e]2;\u@\h\a[\e[37;44;1m\]\t\[\e[0m\]]\[\033[0;31m\]$(parse_git_branch) \[\e[32m\]\W\[\e[0m\]\n\[\e[0;31m\]\[\e[0;49;34m\]//\[\033[0;31m\] â™¥ \[\e[0m\]" />
    <property name="line.separator" value="&#xa;" />
    <property name="java.vm.name" value="OpenJDK 64-Bit Server VM" />
    <property name="basedir" value="/home/renguyen/code/labs/cs-maps-tree-map-lab-codeU/javacs-lab09" />
    <property name="ant.java.version" value="1.7" />
    <property name="ant.core.lib" value="/usr/share/ant/lib/ant.jar" />
    <property name="source" value="1.7" />
    <property name="env.MAIL" value="/var/mail/renguyen" />
    <property name="file.encoding" value="UTF-8" />
    <property name="java.specification.version" value="1.7" />
    <property name="ant.project.invoked-targets" value="test" />
  </properties>
  <testcase classname="com.flatironschool.javacs.MyTreeMapTest" name="testGet" time="0.006" />
  <testcase classname="com.flatironschool.javacs.MyTreeMapTest" name="testPut" time="0.0" />
  <testcase classname="com.flatironschool.javacs.MyTreeMapTest" name="testClear" time="0.001" />
  <testcase classname="com.flatironschool.javacs.MyTreeMapTest" name="testSize" time="0.0" />
  <testcase classname="com.flatironschool.javacs.MyTreeMapTest" name="testContainsKey" time="0.001" />
  <testcase classname="com.flatironschool.javacs.MyTreeMapTest" name="testContainsValue" time="0.0" />
  <testcase classname="com.flatironschool.javacs.MyTreeMapTest" name="testKeySet" time="0.0" />
  <testcase classname="com.flatironschool.javacs.MyTreeMapTest" name="testPutAll" time="0.0" />
  <testcase classname="com.flatironschool.javacs.MyTreeMapTest" name="testIsEmpty" time="0.0" />
  <testcase classname="com.flatironschool.javacs.MyTreeMapTest" name="testRemove" time="0.0" />
  <testcase classname="com.flatironschool.javacs.MyTreeMapTest" name="testValues" time="0.001" />
  <system-out><![CDATA[01
03
04
06
07
08
10
13
]]></system-out>
  <system-err><![CDATA[]]></system-err>
</testsuite>
